\BOOKMARK [1][-]{section*.1}{Osnovne algebrske strukture}{}% 1
\BOOKMARK [2][-]{section*.2}{Binarne operacije}{section*.1}% 2
\BOOKMARK [2][-]{section*.2}{Polgrupe in monoidi}{section*.1}% 3
\BOOKMARK [2][-]{section*.2}{Grupe}{section*.1}% 4
\BOOKMARK [2][-]{section*.2}{Kolobarji}{section*.1}% 5
\BOOKMARK [2][-]{section*.2}{Vektorski prostori}{section*.1}% 6
\BOOKMARK [2][-]{section*.2}{Algebre}{section*.1}% 7
\BOOKMARK [2][-]{section*.2}{Podgrupe, podkolobarji in druge podstrukture}{section*.1}% 8
\BOOKMARK [3][-]{section*.3}{Podgrupe}{section*.2}% 9
\BOOKMARK [3][-]{section*.3}{Podkolobarji}{section*.2}% 10
\BOOKMARK [3][-]{section*.3}{Podprostori}{section*.2}% 11
\BOOKMARK [3][-]{section*.3}{Podalgebre}{section*.2}% 12
\BOOKMARK [3][-]{section*.3}{Podpolje}{section*.2}% 13
\BOOKMARK [3][-]{section*.3}{Logicne operacije nad \(pod\)strukturami}{section*.2}% 14
\BOOKMARK [2][-]{section*.3}{Generatorji}{section*.1}% 15
\BOOKMARK [3][-]{section*.4}{Generatorji grup}{section*.3}% 16
\BOOKMARK [3][-]{section*.4}{Generatorji kolobarja}{section*.3}% 17
\BOOKMARK [3][-]{section*.4}{Generatorji vektorskih prostorov}{section*.3}% 18
\BOOKMARK [3][-]{section*.4}{Generatorji algeber}{section*.3}% 19
\BOOKMARK [3][-]{section*.4}{Generatorji podpolji}{section*.3}% 20
\BOOKMARK [2][-]{section*.4}{Direktni produkti in vsote}{section*.1}% 21
\BOOKMARK [3][-]{section*.5}{Direktni produkti grup}{section*.4}% 22
\BOOKMARK [3][-]{section*.5}{Direktni produkti kolobarjev}{section*.4}% 23
\BOOKMARK [3][-]{section*.5}{Direktna vsota vektorskih prostorov}{section*.4}% 24
\BOOKMARK [3][-]{section*.5}{Direktni produkt algebr}{section*.4}% 25
\BOOKMARK [1][-]{section*.5}{Primeri grup in kolobarjev}{}% 26
\BOOKMARK [2][-]{section*.6}{Cela \235tevila}{section*.5}% 27
